# JRE version: Java(TM) SE Runtime Environment (8.0_72-b15) (build 1.8.0_72-b15)
# Java VM: Java HotSpot(TM) 64-Bit Server VM (25.72-b15 mixed mode windows-amd64 compressed oops)
Heap:
 PSYoungGen      total 321024K, used 102787K [0x00000000eab00000, 0x0000000100000000, 0x0000000100000000)
  eden space 290816K, 31% used [0x00000000eab00000,0x00000000f03c2340,0x00000000fc700000)
  from space 30208K, 39% used [0x00000000fe280000,0x00000000fee1ea08,0x0000000100000000)
  to   space 28160K, 0% used [0x00000000fc700000,0x00000000fc700000,0x00000000fe280000)
 ParOldGen       total 98816K, used 57255K [0x00000000c0000000, 0x00000000c6080000, 0x00000000eab00000)
  object space 98816K, 57% used [0x00000000c0000000,0x00000000c37e9e48,0x00000000c6080000)
 Metaspace       used 57757K, capacity 59916K, committed 60160K, reserved 1101824K
  class space    used 7650K, capacity 8186K, committed 8192K, reserved 1048576K
GC Heap History (10 events):
Event: 56.448 GC heap before
{Heap before GC invocations=11 (full 2):
 PSYoungGen      total 282624K, used 129246K [0x00000000eab00000, 0x00000000ffc00000, 0x0000000100000000)
  eden space 264192K, 41% used [0x00000000eab00000,0x00000000f1737988,0x00000000fad00000)
  from space 18432K, 99% used [0x00000000fea00000,0x00000000ffbfff88,0x00000000ffc00000)
  to   space 23552K, 0% used [0x00000000fce00000,0x00000000fce00000,0x00000000fe500000)
 ParOldGen       total 98816K, used 24173K [0x00000000c0000000, 0x00000000c6080000, 0x00000000eab00000)
  object space 98816K, 24% used [0x00000000c0000000,0x00000000c179b740,0x00000000c6080000)
 Metaspace       used 46497K, capacity 48206K, committed 48256K, reserved 1091584K
  class space    used 6349K, capacity 6777K, committed 6784K, reserved 1048576K
Event: 56.847 GC heap after
Heap after GC invocations=11 (full 2):
 PSYoungGen      total 287744K, used 23527K [0x00000000eab00000, 0x00000000fea80000, 0x0000000100000000)
  eden space 264192K, 0% used [0x00000000eab00000,0x00000000eab00000,0x00000000fad00000)
  from space 23552K, 99% used [0x00000000fce00000,0x00000000fe4f9dd8,0x00000000fe500000)
  to   space 5632K, 0% used [0x00000000fe500000,0x00000000fe500000,0x00000000fea80000)
 ParOldGen       total 98816K, used 26040K [0x00000000c0000000, 0x00000000c6080000, 0x00000000eab00000)
  object space 98816K, 26% used [0x00000000c0000000,0x00000000c196e328,0x00000000c6080000)
 Metaspace       used 46497K, capacity 48206K, committed 48256K, reserved 1091584K
  class space    used 6349K, capacity 6777K, committed 6784K, reserved 1048576K
}
Event: 56.847 GC heap before
{Heap before GC invocations=12 (full 3):
 PSYoungGen      total 287744K, used 23527K [0x00000000eab00000, 0x00000000fea80000, 0x0000000100000000)
  eden space 264192K, 0% used [0x00000000eab00000,0x00000000eab00000,0x00000000fad00000)
  from space 23552K, 99% used [0x00000000fce00000,0x00000000fe4f9dd8,0x00000000fe500000)
  to   space 5632K, 0% used [0x00000000fe500000,0x00000000fe500000,0x00000000fea80000)
 ParOldGen       total 98816K, used 26040K [0x00000000c0000000, 0x00000000c6080000, 0x00000000eab00000)
  object space 98816K, 26% used [0x00000000c0000000,0x00000000c196e328,0x00000000c6080000)
 Metaspace       used 46497K, capacity 48206K, committed 48256K, reserved 1091584K
  class space    used 6349K, capacity 6777K, committed 6784K, reserved 1048576K
Event: 58.553 GC heap after
Heap after GC invocations=12 (full 3):
 PSYoungGen      total 287744K, used 0K [0x00000000eab00000, 0x00000000fea80000, 0x0000000100000000)
  eden space 264192K, 0% used [0x00000000eab00000,0x00000000eab00000,0x00000000fad00000)
  from space 23552K, 0% used [0x00000000fce00000,0x00000000fce00000,0x00000000fe500000)
  to   space 5632K, 0% used [0x00000000fe500000,0x00000000fe500000,0x00000000fea80000)
 ParOldGen       total 98816K, used 41144K [0x00000000c0000000, 0x00000000c6080000, 0x00000000eab00000)
  object space 98816K, 41% used [0x00000000c0000000,0x00000000c282e308,0x00000000c6080000)
 Metaspace       used 46497K, capacity 48206K, committed 48256K, reserved 1091584K
  class space    used 6349K, capacity 6777K, committed 6784K, reserved 1048576K
}
Event: 81.839 GC heap before
{Heap before GC invocations=13 (full 3):
 PSYoungGen      total 287744K, used 264192K [0x00000000eab00000, 0x00000000fea80000, 0x0000000100000000)
  eden space 264192K, 100% used [0x00000000eab00000,0x00000000fad00000,0x00000000fad00000)
  from space 23552K, 0% used [0x00000000fce00000,0x00000000fce00000,0x00000000fe500000)
  to   space 5632K, 0% used [0x00000000fe500000,0x00000000fe500000,0x00000000fea80000)
 ParOldGen       total 98816K, used 41144K [0x00000000c0000000, 0x00000000c6080000, 0x00000000eab00000)
  object space 98816K, 41% used [0x00000000c0000000,0x00000000c282e308,0x00000000c6080000)
 Metaspace       used 49542K, capacity 51552K, committed 51840K, reserved 1093632K
  class space    used 6726K, capacity 7218K, committed 7296K, reserved 1048576K
Event: 81.928 GC heap after
Heap after GC invocations=13 (full 3):
 PSYoungGen      total 297472K, used 5614K [0x00000000eab00000, 0x0000000100000000, 0x0000000100000000)
  eden space 291840K, 0% used [0x00000000eab00000,0x00000000eab00000,0x00000000fc800000)
  from space 5632K, 99% used [0x00000000fe500000,0x00000000fea7ba98,0x00000000fea80000)
  to   space 28672K, 0% used [0x00000000fc800000,0x00000000fc800000,0x00000000fe400000)
 ParOldGen       total 98816K, used 51604K [0x00000000c0000000, 0x00000000c6080000, 0x00000000eab00000)
  object space 98816K, 52% used [0x00000000c0000000,0x00000000c32652d8,0x00000000c6080000)
 Metaspace       used 49542K, capacity 51552K, committed 51840K, reserved 1093632K
  class space    used 6726K, capacity 7218K, committed 7296K, reserved 1048576K
}
Event: 91.780 GC heap before
{Heap before GC invocations=14 (full 3):
 PSYoungGen      total 297472K, used 297454K [0x00000000eab00000, 0x0000000100000000, 0x0000000100000000)
  eden space 291840K, 100% used [0x00000000eab00000,0x00000000fc800000,0x00000000fc800000)
  from space 5632K, 99% used [0x00000000fe500000,0x00000000fea7ba98,0x00000000fea80000)
  to   space 28672K, 0% used [0x00000000fc800000,0x00000000fc800000,0x00000000fe400000)
 ParOldGen       total 98816K, used 51604K [0x00000000c0000000, 0x00000000c6080000, 0x00000000eab00000)
  object space 98816K, 52% used [0x00000000c0000000,0x00000000c32652d8,0x00000000c6080000)
 Metaspace       used 51055K, capacity 53094K, committed 53248K, reserved 1095680K
  class space    used 6865K, capacity 7347K, committed 7424K, reserved 1048576K
Event: 91.852 GC heap after
Heap after GC invocations=14 (full 3):
 PSYoungGen      total 312320K, used 20295K [0x00000000eab00000, 0x0000000100000000, 0x0000000100000000)
  eden space 291840K, 0% used [0x00000000eab00000,0x00000000eab00000,0x00000000fc800000)
  from space 20480K, 99% used [0x00000000fc800000,0x00000000fdbd1c00,0x00000000fdc00000)
  to   space 30208K, 0% used [0x00000000fe280000,0x00000000fe280000,0x0000000100000000)
 ParOldGen       total 98816K, used 57247K [0x00000000c0000000, 0x00000000c6080000, 0x00000000eab00000)
  object space 98816K, 57% used [0x00000000c0000000,0x00000000c37e7e48,0x00000000c6080000)
 Metaspace       used 51055K, capacity 53094K, committed 53248K, reserved 1095680K
  class space    used 6865K, capacity 7347K, committed 7424K, reserved 1048576K
}
Event: 162.171 GC heap before
{Heap before GC invocations=15 (full 3):
 PSYoungGen      total 312320K, used 312135K [0x00000000eab00000, 0x0000000100000000, 0x0000000100000000)
  eden space 291840K, 100% used [0x00000000eab00000,0x00000000fc800000,0x00000000fc800000)
  from space 20480K, 99% used [0x00000000fc800000,0x00000000fdbd1c00,0x00000000fdc00000)
  to   space 30208K, 0% used [0x00000000fe280000,0x00000000fe280000,0x0000000100000000)
 ParOldGen       total 98816K, used 57247K [0x00000000c0000000, 0x00000000c6080000, 0x00000000eab00000)
  object space 98816K, 57% used [0x00000000c0000000,0x00000000c37e7e48,0x00000000c6080000)
 Metaspace       used 52540K, capacity 54796K, committed 55040K, reserved 1097728K
  class space    used 7043K, capacity 7610K, committed 7680K, reserved 1048576K
Event: 162.211 GC heap after
Heap after GC invocations=15 (full 3):
 PSYoungGen      total 321024K, used 11898K [0x00000000eab00000, 0x0000000100000000, 0x0000000100000000)
  eden space 290816K, 0% used [0x00000000eab00000,0x00000000eab00000,0x00000000fc700000)
  from space 30208K, 39% used [0x00000000fe280000,0x00000000fee1ea08,0x0000000100000000)
  to   space 28160K, 0% used [0x00000000fc700000,0x00000000fc700000,0x00000000fe280000)
 ParOldGen       total 98816K, used 57255K [0x00000000c0000000, 0x00000000c6080000, 0x00000000eab00000)
  object space 98816K, 57% used [0x00000000c0000000,0x00000000c37e9e48,0x00000000c6080000)
 Metaspace       used 52540K, capacity 54796K, committed 55040K, reserved 1097728K
  class space    used 7043K, capacity 7610K, committed 7680K, reserved 1048576K
}

